2022.12.28 13:38:25 INFO  tracing is disabled for protocol LSP, to enable tracing of incoming and outgoing JSON messages create an empty file at /home/guille/master/apsv/microservicios/traceconsumer2/.metals/lsp.trace.json or /home/guille/.cache/metals/lsp.trace.json[0m
2022.12.28 13:38:25 INFO  logging to file /home/guille/master/apsv/microservicios/traceconsumer2/.metals/metals.log[0m
2022.12.28 13:38:25 INFO  Started: Metals version 0.11.9 in workspace '/home/guille/master/apsv/microservicios/traceconsumer2' for client Visual Studio Code 1.74.2.[0m
2022.12.28 13:38:26 INFO  time: initialize in 0.96s[0m
2022.12.28 13:38:27 WARN  Build server is not auto-connectable.[0m
2022.12.28 13:38:27 WARN  no build target for: /home/guille/master/apsv/microservicios/traceconsumer2/src/main/java/es/upm/dit/apsv/traceconsumer2/Traceconsumer2Application.java[0m
2022.12.28 13:43:47 WARN  no build target for: /home/guille/master/apsv/microservicios/traceconsumer2/src/test/java/es/upm/dit/apsv/traceconsumer2/Traceconsumer2ApplicationTests.java[0m
2022.12.28 13:45:28 WARN  no build target for: /home/guille/master/apsv/microservicios/traceconsumer2/src/test/java/es/upm/dit/apsv/traceconsumer2/test/TraceConsumerApplicationTests.java[0m
2022.12.28 13:45:43 WARN  no build target for: /home/guille/master/apsv/microservicios/traceconsumer2/src/test/java/es/upm/dit/apsv/traceconsumer2/test/TraceConsumerApplicationTests.java[0m
Dec 28, 2022 1:47:28 PM org.eclipse.lsp4j.jsonrpc.RemoteEndpoint handleCancellation
WARNING: Unmatched cancel notification for request id 131
2022.12.28 13:47:59 WARN  no build target for: /home/guille/master/apsv/microservicios/traceconsumer2/src/test/java/es/upm/dit/apsv/traceconsumer2/test/TraceConsumerApplicationTests.java[0m
2022.12.28 13:47:59 WARN  no build target for: /home/guille/master/apsv/microservicios/traceconsumer2/src/test/java/es/upm/dit/apsv/traceconsumer2/test/TraceConsumerApplicationTests.java[0m
Dec 28, 2022 1:47:59 PM org.eclipse.lsp4j.jsonrpc.RemoteEndpoint handleCancellation
WARNING: Unmatched cancel notification for request id 135
2022.12.28 13:50:59 WARN  no build target for: /home/guille/master/apsv/microservicios/traceconsumer2/src/test/java/es/upm/dit/apsv/traceconsumer2/test/TraceConsumerApplicationTests.java[0m
2022.12.28 13:51:27 WARN  no build target for: /home/guille/master/apsv/microservicios/traceconsumer2/src/test/java/es/upm/dit/apsv/traceconsumer2/test/TraceConsumerApplicationTests.java[0m
Dec 28, 2022 1:52:24 PM org.eclipse.lsp4j.jsonrpc.RemoteEndpoint handleCancellation
WARNING: Unmatched cancel notification for request id 212
2022.12.28 13:52:39 WARN  no build target for: /home/guille/master/apsv/microservicios/traceconsumer2/src/test/java/es/upm/dit/apsv/traceconsumer2/test/TraceConsumerApplicationTests.java[0m
2022.12.28 13:55:06 WARN  no build target for: /home/guille/master/apsv/microservicios/traceconsumer2/src/test/java/es/upm/dit/apsv/traceconsumer2/test/TraceConsumerApplicationTests.java[0m
2022.12.28 13:55:13 WARN  no build target for: /home/guille/master/apsv/microservicios/traceconsumer2/src/test/java/es/upm/dit/apsv/traceconsumer2/test/TraceConsumerApplicationTests.java[0m
2022.12.28 14:09:59 WARN  no build target for: /home/guille/master/apsv/microservicios/traceconsumer2/src/main/java/es/upm/dit/apsv/traceconsumer2/controller/TransportationOrderController.java[0m
2022.12.28 14:10:11 WARN  no build target for: /home/guille/master/apsv/microservicios/traceconsumer2/src/main/java/es/upm/dit/apsv/traceconsumer2/controller/TraceController.java[0m
2022.12.28 14:11:59 WARN  no build target for: /home/guille/master/apsv/microservicios/traceconsumer2/src/main/java/es/upm/dit/apsv/traceconsumer2/model/TransportationOrder.java[0m
2022.12.28 14:13:07 WARN  no build target for: /home/guille/master/apsv/microservicios/traceconsumer2/src/test/java/es/upm/dit/apsv/traceconsumer2/test/TraceConsumerApplicationTests.java[0m
2022.12.28 14:13:11 WARN  no build target for: /home/guille/master/apsv/microservicios/traceconsumer2/src/test/java/es/upm/dit/apsv/traceconsumer2/test/TraceConsumerApplicationTests.java[0m
2022.12.28 14:13:11 WARN  no build target for: /home/guille/master/apsv/microservicios/traceconsumer2/src/main/java/es/upm/dit/apsv/traceconsumer2/model/Trace.java[0m
Dec 28, 2022 2:13:12 PM org.eclipse.lsp4j.jsonrpc.RemoteEndpoint handleCancellation
WARNING: Unmatched cancel notification for request id 555
2022.12.28 14:13:56 WARN  no build target for: /home/guille/master/apsv/microservicios/traceconsumer2/src/test/java/es/upm/dit/apsv/traceconsumer2/test/TraceConsumerApplicationTests.java[0m
2022.12.28 14:16:04 WARN  no build target for: /home/guille/master/apsv/microservicios/traceconsumer2/src/test/java/es/upm/dit/apsv/traceconsumer2/test/TraceConsumerApplicationTests.java[0m
2022.12.28 14:16:31 WARN  no build target for: /home/guille/master/apsv/microservicios/traceconsumer2/src/test/java/es/upm/dit/apsv/traceconsumer2/test/TraceConsumerApplicationTests.java[0m
2022.12.28 14:16:34 WARN  no build target for: /home/guille/master/apsv/microservicios/traceconsumer2/src/test/java/es/upm/dit/apsv/traceconsumer2/test/TraceConsumerApplicationTests.java[0m
2022.12.28 14:16:34 WARN  no build target for: /home/guille/master/apsv/microservicios/traceconsumer2/src/test/java/es/upm/dit/apsv/traceconsumer2/test/TraceConsumerApplicationTests.java[0m
2022.12.28 14:16:55 WARN  no build target for: /home/guille/master/apsv/microservicios/traceconsumer2/src/test/java/es/upm/dit/apsv/traceconsumer2/test/TraceConsumerApplicationTests.java[0m
2022.12.28 14:16:57 WARN  no build target for: /home/guille/master/apsv/microservicios/traceconsumer2/src/test/java/es/upm/dit/apsv/traceconsumer2/test/TraceConsumerApplicationTests.java[0m
Dec 28, 2022 2:22:32 PM org.eclipse.lsp4j.jsonrpc.services.GenericEndpoint notify
INFO: Unsupported notification method: $/setTrace
Dec 28, 2022 2:31:42 PM org.eclipse.lsp4j.jsonrpc.services.GenericEndpoint notify
INFO: Unsupported notification method: $/setTrace
